[
  {
    "format": "windows_event_security",
    "variant": "logon",
    "fields": {
      "EventID": 4624,
      "TimeCreated": "2026-09-15T12:00:00Z",
      "Computer": "example",
      "Channel": "example",
      "Level": 0,
      "EventRecordID": 1,
      "ExecutionProcessID": 1,
      "ExecutionThreadID": 1,
      "SubjectUserSid": "S-1-5-18",
      "SubjectUserName": "example",
      "SubjectDomainName": "example",
      "SubjectLogonId": "0x1",
      "TargetUserSid": "S-1-5-18",
      "TargetUserName": "example",
      "TargetDomainName": "example",
      "TargetLogonId": "0x1",
      "LogonType": 2,
      "WorkstationName": "example",
      "ProcessId": "0x1",
      "ProcessName": "example",
      "IpAddress": "example",
      "IpPort": 1
    }
  },
  {
    "format": "windows_event_security",
    "variant": "logoff",
    "fields": {
      "EventID": 4634,
      "TimeCreated": "2026-09-15T12:00:00Z",
      "Computer": "example",
      "Channel": "example",
      "Level": 0,
      "EventRecordID": 1,
      "ExecutionProcessID": 1,
      "ExecutionThreadID": 1,
      "TargetUserSid": "S-1-5-18",
      "TargetUserName": "example",
      "TargetDomainName": "example",
      "TargetLogonId": "0x1",
      "LogonType": 2
    }
  },
  {
    "format": "windows_event_security",
    "variant": "rdp_session_reconnect",
    "fields": {
      "EventID": 4778,
      "TimeCreated": "2026-09-15T12:00:00Z",
      "Computer": "example",
      "Channel": "example",
      "Level": 0,
      "EventRecordID": 1,
      "ExecutionProcessID": 1,
      "ExecutionThreadID": 1,
      "AccountName": "example",
      "AccountDomain": "example",
      "LogonID": "0x1",
      "SessionName": "example",
      "ClientName": "example",
      "ClientAddress": "example"
    }
  },
  {
    "format": "windows_event_security",
    "variant": "rdp_session_disconnect",
    "fields": {
      "EventID": 4779,
      "TimeCreated": "2026-09-15T12:00:00Z",
      "Computer": "example",
      "Channel": "example",
      "Level": 0,
      "EventRecordID": 1,
      "ExecutionProcessID": 1,
      "ExecutionThreadID": 1,
      "AccountName": "example",
      "AccountDomain": "example",
      "LogonID": "0x1",
      "SessionName": "example",
      "ClientName": "example",
      "ClientAddress": "example"
    }
  },
  {
    "format": "windows_event_security",
    "variant": "process_creation",
    "fields": {
      "EventID": 4688,
      "TimeCreated": "2026-09-15T12:00:00Z",
      "Computer": "example",
      "Channel": "example",
      "Level": 0,
      "EventRecordID": 1,
      "ExecutionProcessID": 1,
      "ExecutionThreadID": 1,
      "SubjectUserSid": "S-1-5-18",
      "SubjectUserName": "example",
      "SubjectDomainName": "example",
      "SubjectLogonId": "0x1",
      "NewProcessId": "0x1",
      "NewProcessName": "example",
      "TokenElevationType": "example",
      "ProcessId": "0x1"
    }
  },
  {
    "format": "windows_event_security",
    "variant": "failed_logon",
    "fields": {
      "EventID": 4625,
      "TimeCreated": "2026-09-15T12:00:00Z",
      "Computer": "example",
      "Channel": "example",
      "Level": 0,
      "EventRecordID": 1,
      "ExecutionProcessID": 1,
      "ExecutionThreadID": 1,
      "SubjectUserSid": "S-1-5-18",
      "SubjectUserName": "example",
      "SubjectDomainName": "example",
      "SubjectLogonId": "0x1",
      "TargetUserSid": "S-1-5-18",
      "TargetUserName": "example",
      "TargetDomainName": "example",
      "Status": "0x1",
      "SubStatus": "0x1",
      "FailureReason": "example",
      "LogonType": 2,
      "IpAddress": "example"
    }
  },
  {
    "format": "windows_event_security",
    "variant": "special_privileges",
    "fields": {
      "EventID": 4672,
      "TimeCreated": "2026-09-15T12:00:00Z",
      "Computer": "example",
      "Channel": "example",
      "Level": 0,
      "EventRecordID": 1,
      "ExecutionProcessID": 1,
      "ExecutionThreadID": 1,
      "SubjectUserSid": "S-1-5-18",
      "SubjectUserName": "example",
      "SubjectDomainName": "example",
      "SubjectLogonId": "0x1",
      "PrivilegeList": "example"
    }
  },
  {
    "format": "windows_event_security",
    "variant": "workstation_locked",
    "fields": {
      "EventID": 4800,
      "TimeCreated": "2026-09-15T12:00:00Z",
      "Computer": "example",
      "Channel": "example",
      "Level": 0,
      "EventRecordID": 1,
      "ExecutionProcessID": 1,
      "ExecutionThreadID": 1,
      "TargetUserSid": "S-1-5-18",
      "TargetUserName": "example",
      "TargetDomainName": "example",
      "TargetLogonId": "0x1",
      "SessionId": 1
    }
  },
  {
    "format": "windows_event_security",
    "variant": "workstation_unlocked",
    "fields": {
      "EventID": 4801,
      "TimeCreated": "2026-09-15T12:00:00Z",
      "Computer": "example",
      "Channel": "example",
      "Level": 0,
      "EventRecordID": 1,
      "ExecutionProcessID": 1,
      "ExecutionThreadID": 1,
      "TargetUserSid": "S-1-5-18",
      "TargetUserName": "example",
      "TargetDomainName": "example",
      "TargetLogonId": "0x1",
      "SessionId": 1
    }
  },
  {
    "format": "windows_event_security",
    "variant": "process_termination",
    "fields": {
      "EventID": 4689,
      "TimeCreated": "2026-09-15T12:00:00Z",
      "Computer": "example",
      "Channel": "example",
      "Level": 0,
      "EventRecordID": 1,
      "ExecutionProcessID": 1,
      "ExecutionThreadID": 1,
      "SubjectUserSid": "S-1-5-18",
      "SubjectUserName": "example",
      "SubjectDomainName": "example",
      "SubjectLogonId": "0x1",
      "Status": "0x1",
      "ProcessId": "0x1",
      "ProcessName": "example"
    }
  },
  {
    "format": "windows_event_security",
    "variant": "explicit_credentials",
    "fields": {
      "EventID": 4648,
      "TimeCreated": "2026-09-15T12:00:00Z",
      "Computer": "example",
      "Channel": "example",
      "Level": 0,
      "EventRecordID": 1,
      "ExecutionProcessID": 1,
      "ExecutionThreadID": 1,
      "SubjectUserSid": "S-1-5-18",
      "SubjectUserName": "example",
      "SubjectDomainName": "example",
      "SubjectLogonId": "0x1",
      "TargetUserName": "example",
      "TargetDomainName": "example",
      "TargetServerName": "example",
      "ProcessId": "0x1",
      "ProcessName": "example"
    }
  },
  {
    "format": "windows_event_security",
    "variant": "kerberos_tgt",
    "fields": {
      "EventID": 4768,
      "TimeCreated": "2026-09-15T12:00:00Z",
      "Computer": "example",
      "Channel": "example",
      "Level": 0,
      "EventRecordID": 1,
      "ExecutionProcessID": 1,
      "ExecutionThreadID": 1,
      "TargetUserName": "example",
      "TargetDomainName": "example",
      "TargetSid": "S-1-5-18",
      "ServiceName": "example",
      "ServiceSid": "S-1-5-18",
      "TicketOptions": "0x1",
      "Status": "0x1",
      "TicketEncryptionType": "0x1",
      "IpAddress": "example"
    }
  },
  {
    "format": "windows_event_security",
    "variant": "kerberos_service_ticket",
    "fields": {
      "EventID": 4769,
      "TimeCreated": "2026-09-15T12:00:00Z",
      "Computer": "example",
      "Channel": "example",
      "Level": 0,
      "EventRecordID": 1,
      "ExecutionProcessID": 1,
      "ExecutionThreadID": 1,
      "TargetUserName": "example",
      "TargetDomainName": "example",
      "ServiceName": "example",
      "ServiceSid": "S-1-5-18",
      "TicketOptions": "0x1",
      "TicketEncryptionType": "0x1",
      "IpAddress": "example",
      "Status": "0x1"
    }
  },
  {
    "format": "windows_event_security",
    "variant": "ntlm_validation",
    "fields": {
      "EventID": 4776,
      "TimeCreated": "2026-09-15T12:00:00Z",
      "Computer": "example",
      "Channel": "example",
      "Level": 0,
      "EventRecordID": 1,
      "ExecutionProcessID": 1,
      "ExecutionThreadID": 1,
      "PackageName": "example",
      "TargetUserName": "example",
      "Workstation": "example",
      "Status": "0x1"
    }
  },
  {
    "format": "windows_event_security",
    "variant": "wfp_connection",
    "fields": {
      "EventID": 5156,
      "TimeCreated": "2026-09-15T12:00:00Z",
      "Computer": "example",
      "Channel": "example",
      "Level": 0,
      "EventRecordID": 1,
      "ExecutionProcessID": 1,
      "ExecutionThreadID": 1,
      "ProcessID": 1,
      "Application": "example",
      "Direction": "example",
      "SourceAddress": "example",
      "SourcePort": 1,
      "DestAddress": "example",
      "DestPort": 1,
      "Protocol": 1
    }
  },
  {
    "format": "windows_event_security",
    "variant": "kerberos_preauth_failed",
    "fields": {
      "EventID": 4771,
      "TimeCreated": "2026-09-15T12:00:00Z",
      "Computer": "example",
      "Channel": "example",
      "Level": 0,
      "EventRecordID": 1,
      "ExecutionProcessID": 1,
      "ExecutionThreadID": 1,
      "TargetUserName": "example",
      "TargetSid": "S-1-5-18",
      "ServiceName": "example",
      "TicketOptions": "0x1",
      "Status": "0x1",
      "IpAddress": "::1"
    }
  },
  {
    "format": "windows_event_security",
    "variant": "log_cleared",
    "fields": {
      "EventID": 1102,
      "TimeCreated": "2026-09-15T12:00:00Z",
      "Computer": "example",
      "Channel": "example",
      "Level": 0,
      "EventRecordID": 1,
      "ExecutionProcessID": 1,
      "ExecutionThreadID": 1,
      "SubjectUserSid": "S-1-5-18",
      "SubjectUserName": "example",
      "SubjectDomainName": "example",
      "SubjectLogonId": "0x1"
    }
  },
  {
    "format": "windows_event_security",
    "variant": "service_installed",
    "fields": {
      "EventID": 4697,
      "TimeCreated": "2026-09-15T12:00:00Z",
      "Computer": "example",
      "Channel": "example",
      "Level": 0,
      "EventRecordID": 1,
      "ExecutionProcessID": 1,
      "ExecutionThreadID": 1,
      "SubjectUserSid": "S-1-5-18",
      "SubjectUserName": "example",
      "SubjectDomainName": "example",
      "SubjectLogonId": "0x1",
      "ServiceName": "example",
      "ServiceFileName": "example"
    }
  },
  {
    "format": "windows_event_security",
    "variant": "scheduled_task",
    "fields": {
      "EventID": 4698,
      "TimeCreated": "2026-09-15T12:00:00Z",
      "Computer": "example",
      "Channel": "example",
      "Level": 0,
      "EventRecordID": 1,
      "ExecutionProcessID": 1,
      "ExecutionThreadID": 1,
      "SubjectUserSid": "S-1-5-18",
      "SubjectUserName": "example",
      "SubjectDomainName": "example",
      "SubjectLogonId": "0x1",
      "TaskName": "example"
    }
  },
  {
    "format": "windows_event_security",
    "variant": "group_membership_change",
    "fields": {
      "EventID": 4728,
      "TimeCreated": "2026-09-15T12:00:00Z",
      "Computer": "example",
      "Channel": "example",
      "Level": 0,
      "EventRecordID": 1,
      "ExecutionProcessID": 1,
      "ExecutionThreadID": 1,
      "MemberSid": "S-1-5-18",
      "TargetUserName": "example",
      "TargetDomainName": "example",
      "TargetSid": "S-1-5-18",
      "SubjectUserSid": "S-1-5-18",
      "SubjectUserName": "example",
      "SubjectDomainName": "example",
      "SubjectLogonId": "0x1"
    }
  },
  {
    "format": "windows_event_security",
    "variant": "account_created",
    "fields": {
      "EventID": 4720,
      "TimeCreated": "2026-09-15T12:00:00Z",
      "Computer": "example",
      "Channel": "example",
      "Level": 0,
      "EventRecordID": 1,
      "ExecutionProcessID": 1,
      "ExecutionThreadID": 1,
      "TargetUserName": "example",
      "TargetDomainName": "example",
      "TargetSid": "S-1-5-18",
      "SubjectUserSid": "S-1-5-18",
      "SubjectUserName": "example",
      "SubjectDomainName": "example",
      "SubjectLogonId": "0x1"
    }
  },
  {
    "format": "windows_event_security",
    "variant": "password_change",
    "fields": {
      "EventID": 4723,
      "TimeCreated": "2026-09-15T12:00:00Z",
      "Computer": "example",
      "Channel": "example",
      "Level": 0,
      "EventRecordID": 1,
      "ExecutionProcessID": 1,
      "ExecutionThreadID": 1,
      "TargetUserName": "example",
      "TargetDomainName": "example",
      "TargetSid": "S-1-5-18",
      "SubjectUserSid": "S-1-5-18",
      "SubjectUserName": "example",
      "SubjectDomainName": "example",
      "SubjectLogonId": "0x1"
    }
  },
  {
    "format": "windows_event_security",
    "variant": "password_reset",
    "fields": {
      "EventID": 4724,
      "TimeCreated": "2026-09-15T12:00:00Z",
      "Computer": "example",
      "Channel": "example",
      "Level": 0,
      "EventRecordID": 1,
      "ExecutionProcessID": 1,
      "ExecutionThreadID": 1,
      "TargetUserName": "example",
      "TargetDomainName": "example",
      "TargetSid": "S-1-5-18",
      "SubjectUserSid": "S-1-5-18",
      "SubjectUserName": "example",
      "SubjectDomainName": "example",
      "SubjectLogonId": "0x1"
    }
  },
  {
    "format": "windows_event_security",
    "variant": "account_deleted",
    "fields": {
      "EventID": 4726,
      "TimeCreated": "2026-09-15T12:00:00Z",
      "Computer": "example",
      "Channel": "example",
      "Level": 0,
      "EventRecordID": 1,
      "ExecutionProcessID": 1,
      "ExecutionThreadID": 1,
      "TargetUserName": "example",
      "TargetDomainName": "example",
      "TargetSid": "S-1-5-18",
      "SubjectUserSid": "S-1-5-18",
      "SubjectUserName": "example",
      "SubjectDomainName": "example",
      "SubjectLogonId": "0x1"
    }
  },
  {
    "format": "windows_event_security",
    "variant": "account_changed",
    "fields": {
      "EventID": 4738,
      "TimeCreated": "2026-09-15T12:00:00Z",
      "Computer": "example",
      "Channel": "example",
      "Level": 0,
      "EventRecordID": 1,
      "ExecutionProcessID": 1,
      "ExecutionThreadID": 1,
      "TargetUserName": "example",
      "TargetDomainName": "example",
      "TargetSid": "S-1-5-18",
      "SubjectUserSid": "S-1-5-18",
      "SubjectUserName": "example",
      "SubjectDomainName": "example",
      "SubjectLogonId": "0x1"
    }
  },
  {
    "format": "windows_event_security",
    "variant": "object_handle_requested",
    "fields": {
      "EventID": 4656,
      "TimeCreated": "2026-09-15T12:00:00Z",
      "Computer": "example",
      "Channel": "example",
      "Level": 0,
      "EventRecordID": 1,
      "ExecutionProcessID": 1,
      "ExecutionThreadID": 1,
      "SubjectUserSid": "S-1-5-18",
      "SubjectUserName": "example",
      "SubjectDomainName": "example",
      "SubjectLogonId": "0x1",
      "ObjectServer": "example",
      "ObjectType": "example",
      "ObjectName": "example",
      "HandleId": "0x1",
      "TransactionId": "example",
      "AccessList": "example",
      "AccessReason": "example",
      "AccessMask": "0x1",
      "PrivilegeList": "example",
      "RestrictedSidCount": 1,
      "ProcessId": "0x1",
      "ProcessName": "example",
      "ResourceAttributes": "example"
    }
  },
  {
    "format": "windows_event_security",
    "variant": "object_handle_closed",
    "fields": {
      "EventID": 4658,
      "TimeCreated": "2026-09-15T12:00:00Z",
      "Computer": "example",
      "Channel": "example",
      "Level": 0,
      "EventRecordID": 1,
      "ExecutionProcessID": 1,
      "ExecutionThreadID": 1,
      "SubjectUserSid": "S-1-5-18",
      "SubjectUserName": "example",
      "SubjectDomainName": "example",
      "SubjectLogonId": "0x1",
      "ObjectServer": "example",
      "HandleId": "0x1",
      "ProcessId": "0x1",
      "ProcessName": "example"
    }
  },
  {
    "format": "windows_event_security",
    "variant": "object_access",
    "fields": {
      "EventID": 4663,
      "TimeCreated": "2026-09-15T12:00:00Z",
      "Computer": "example",
      "Channel": "example",
      "Level": 0,
      "EventRecordID": 1,
      "ExecutionProcessID": 1,
      "ExecutionThreadID": 1,
      "SubjectUserSid": "S-1-5-18",
      "SubjectUserName": "example",
      "SubjectDomainName": "example",
      "SubjectLogonId": "0x1",
      "ObjectServer": "example",
      "ObjectType": "example",
      "ObjectName": "example",
      "HandleId": "0x1",
      "AccessList": "example",
      "AccessMask": "0x1",
      "ProcessId": "0x1",
      "ProcessName": "example",
      "ResourceAttributes": "example"
    }
  },
  {
    "format": "windows_event_security",
    "variant": "network_share_access",
    "fields": {
      "EventID": 5140,
      "TimeCreated": "2026-09-15T12:00:00Z",
      "Computer": "example",
      "Channel": "example",
      "Level": 0,
      "EventRecordID": 1,
      "ExecutionProcessID": 1,
      "ExecutionThreadID": 1,
      "SubjectUserSid": "S-1-5-18",
      "SubjectUserName": "example",
      "SubjectDomainName": "example",
      "SubjectLogonId": "0x1",
      "ObjectType": "example",
      "IpAddress": "10.0.0.1",
      "IpPort": 1,
      "ShareName": "example",
      "ShareLocalPath": "example",
      "AccessMask": "0x1",
      "AccessList": "example"
    }
  },
  {
    "format": "windows_event_security",
    "variant": "network_share_access_check",
    "fields": {
      "EventID": 5145,
      "TimeCreated": "2026-09-15T12:00:00Z",
      "Computer": "example",
      "Channel": "example",
      "Level": 0,
      "EventRecordID": 1,
      "ExecutionProcessID": 1,
      "ExecutionThreadID": 1,
      "SubjectUserSid": "S-1-5-18",
      "SubjectUserName": "example",
      "SubjectDomainName": "example",
      "SubjectLogonId": "0x1",
      "ObjectType": "example",
      "IpAddress": "10.0.0.1",
      "IpPort": 1,
      "ShareName": "example",
      "ShareLocalPath": "example",
      "RelativeTargetName": "example",
      "AccessMask": "0x1",
      "AccessList": "example",
      "AccessReason": "example"
    }
  },
  {
    "format": "windows_event_security",
    "variant": "scheduled_task_deleted",
    "fields": {
      "EventID": 4699,
      "TimeCreated": "2026-09-15T12:00:00Z",
      "Computer": "example",
      "Channel": "example",
      "Level": 0,
      "EventRecordID": 1,
      "ExecutionProcessID": 1,
      "ExecutionThreadID": 1,
      "SubjectUserSid": "S-1-5-18",
      "SubjectUserName": "example",
      "SubjectDomainName": "example",
      "SubjectLogonId": "0x1",
      "TaskName": "example"
    }
  },
  {
    "format": "windows_event_security",
    "variant": "scheduled_task_enabled",
    "fields": {
      "EventID": 4700,
      "TimeCreated": "2026-09-15T12:00:00Z",
      "Computer": "example",
      "Channel": "example",
      "Level": 0,
      "EventRecordID": 1,
      "ExecutionProcessID": 1,
      "ExecutionThreadID": 1,
      "SubjectUserSid": "S-1-5-18",
      "SubjectUserName": "example",
      "SubjectDomainName": "example",
      "SubjectLogonId": "0x1",
      "TaskName": "example"
    }
  },
  {
    "format": "windows_event_security",
    "variant": "scheduled_task_disabled",
    "fields": {
      "EventID": 4701,
      "TimeCreated": "2026-09-15T12:00:00Z",
      "Computer": "example",
      "Channel": "example",
      "Level": 0,
      "EventRecordID": 1,
      "ExecutionProcessID": 1,
      "ExecutionThreadID": 1,
      "SubjectUserSid": "S-1-5-18",
      "SubjectUserName": "example",
      "SubjectDomainName": "example",
      "SubjectLogonId": "0x1",
      "TaskName": "example"
    }
  },
  {
    "format": "windows_event_sysmon",
    "variant": "sysmon_process_create",
    "fields": {
      "EventID": 1,
      "TimeCreated": "2026-09-15T12:00:00Z",
      "Computer": "example",
      "Channel": "example",
      "Level": 1,
      "EventRecordID": 1,
      "ExecutionProcessID": 1,
      "ExecutionThreadID": 1,
      "UtcTime": "example",
      "ProcessGuid": "{12345678-1234-1234-1234-123456789abc}",
      "ProcessId": 1,
      "Image": "example",
      "CommandLine": "example",
      "User": "example"
    }
  },
  {
    "format": "windows_event_sysmon",
    "variant": "sysmon_process_terminate",
    "fields": {
      "EventID": 5,
      "TimeCreated": "2026-09-15T12:00:00Z",
      "Computer": "example",
      "Channel": "example",
      "Level": 1,
      "EventRecordID": 1,
      "ExecutionProcessID": 1,
      "ExecutionThreadID": 1,
      "UtcTime": "example",
      "ProcessGuid": "{12345678-1234-1234-1234-123456789abc}",
      "ProcessId": 1,
      "Image": "example",
      "User": "example"
    }
  },
  {
    "format": "windows_event_sysmon",
    "variant": "sysmon_create_remote_thread",
    "fields": {
      "EventID": 8,
      "TimeCreated": "2026-09-15T12:00:00Z",
      "Computer": "example",
      "Channel": "example",
      "Level": 1,
      "EventRecordID": 1,
      "ExecutionProcessID": 1,
      "ExecutionThreadID": 1,
      "UtcTime": "example",
      "SourceProcessGuid": "{12345678-1234-1234-1234-123456789abc}",
      "SourceProcessId": 1,
      "SourceImage": "example",
      "TargetProcessGuid": "{12345678-1234-1234-1234-123456789abc}",
      "TargetProcessId": 1,
      "TargetImage": "example",
      "NewThreadId": 1,
      "StartAddress": "example",
      "SourceUser": "example",
      "TargetUser": "example"
    }
  },
  {
    "format": "windows_event_sysmon",
    "variant": "sysmon_process_access",
    "fields": {
      "EventID": 10,
      "TimeCreated": "2026-09-15T12:00:00Z",
      "Computer": "example",
      "Channel": "example",
      "Level": 1,
      "EventRecordID": 1,
      "ExecutionProcessID": 1,
      "ExecutionThreadID": 1,
      "UtcTime": "example",
      "SourceProcessGUID": "example",
      "SourceProcessId": 1,
      "SourceThreadId": 1,
      "SourceImage": "example",
      "TargetProcessGUID": "example",
      "TargetProcessId": 1,
      "TargetImage": "example",
      "GrantedAccess": "example",
      "SourceUser": "example",
      "TargetUser": "example"
    }
  },
  {
    "format": "windows_event_sysmon",
    "variant": "sysmon_network_connect",
    "fields": {
      "EventID": 3,
      "TimeCreated": "2026-09-15T12:00:00Z",
      "Computer": "example",
      "Channel": "example",
      "Level": 1,
      "EventRecordID": 1,
      "ExecutionProcessID": 1,
      "ExecutionThreadID": 1,
      "UtcTime": "example",
      "ProcessGuid": "{12345678-1234-1234-1234-123456789abc}",
      "ProcessId": 1,
      "Image": "example",
      "User": "example",
      "Protocol": "example",
      "Initiated": "example",
      "SourceIsIpv6": "false",
      "SourceIp": "10.0.0.1",
      "SourcePort": 1,
      "DestinationIsIpv6": "false",
      "DestinationIp": "10.0.0.1",
      "DestinationPort": 1
    }
  },
  {
    "format": "windows_event_sysmon",
    "variant": "sysmon_image_loaded",
    "fields": {
      "EventID": 7,
      "TimeCreated": "2026-09-15T12:00:00Z",
      "Computer": "example",
      "Channel": "example",
      "Level": 1,
      "EventRecordID": 1,
      "ExecutionProcessID": 1,
      "ExecutionThreadID": 1,
      "UtcTime": "example",
      "ProcessGuid": "{12345678-1234-1234-1234-123456789abc}",
      "ProcessId": 1,
      "Image": "example",
      "ImageLoaded": "example",
      "Signed": "example",
      "SignatureStatus": "example",
      "User": "example"
    }
  },
  {
    "format": "windows_event_sysmon",
    "variant": "sysmon_file_create",
    "fields": {
      "EventID": 11,
      "TimeCreated": "2026-09-15T12:00:00Z",
      "Computer": "example",
      "Channel": "example",
      "Level": 1,
      "EventRecordID": 1,
      "ExecutionProcessID": 1,
      "ExecutionThreadID": 1,
      "UtcTime": "example",
      "ProcessGuid": "{12345678-1234-1234-1234-123456789abc}",
      "ProcessId": 1,
      "Image": "example",
      "TargetFilename": "example",
      "CreationUtcTime": "example",
      "User": "example"
    }
  },
  {
    "format": "windows_event_sysmon",
    "variant": "sysmon_registry_create_delete",
    "fields": {
      "EventID": 12,
      "TimeCreated": "2026-09-15T12:00:00Z",
      "Computer": "example",
      "Channel": "example",
      "Level": 1,
      "EventRecordID": 1,
      "ExecutionProcessID": 1,
      "ExecutionThreadID": 1,
      "EventType": "example",
      "UtcTime": "example",
      "ProcessGuid": "{12345678-1234-1234-1234-123456789abc}",
      "ProcessId": 1,
      "Image": "example",
      "TargetObject": "example",
      "User": "example"
    }
  },
  {
    "format": "windows_event_sysmon",
    "variant": "sysmon_registry_set_value",
    "fields": {
      "EventID": 13,
      "TimeCreated": "2026-09-15T12:00:00Z",
      "Computer": "example",
      "Channel": "example",
      "Level": 1,
      "EventRecordID": 1,
      "ExecutionProcessID": 1,
      "ExecutionThreadID": 1,
      "EventType": "example",
      "UtcTime": "example",
      "ProcessGuid": "{12345678-1234-1234-1234-123456789abc}",
      "ProcessId": 1,
      "Image": "example",
      "TargetObject": "example",
      "Details": "example",
      "User": "example"
    }
  },
  {
    "format": "windows_event_sysmon",
    "variant": "sysmon_dns_query",
    "fields": {
      "EventID": 22,
      "TimeCreated": "2026-09-15T12:00:00Z",
      "Computer": "example",
      "Channel": "example",
      "Level": 1,
      "EventRecordID": 1,
      "ExecutionProcessID": 1,
      "ExecutionThreadID": 1,
      "UtcTime": "example",
      "ProcessGuid": "{12345678-1234-1234-1234-123456789abc}",
      "ProcessId": 1,
      "QueryName": "example",
      "QueryStatus": "example",
      "Image": "example"
    }
  }
]
